d:\github\lannaengine\bin-int\debug-x64\lanna\vc142.pdb
d:\github\lannaengine\bin-int\debug-x64\lanna\vc142.idb
d:\github\lannaengine\bin-int\debug-x64\lanna\application.obj
d:\github\lannaengine\bin-int\debug-x64\lanna\log.obj
d:\github\lannaengine\bin-int\debug-x64\lanna\vc143.pdb
d:\github\lannaengine\bin-int\debug-x64\lanna\vc143.idb
d:\github\lannaengine\bin\debug-x64\lanna\lanna.lib
d:\github\lannaengine\bin\debug-x64\lanna\lanna.exp
d:\github\lannaengine\bin\debug-x64\lanna\lanna.dll
d:\github\lannaengine\bin\debug-x64\lanna\lanna.ilk
d:\github\lannaengine\bin\debug-x64\lanna\lanna.pdb
d:\github\lannaengine\bin-int\debug-x64\lanna\lanna.ilk
d:\github\lannaengine\bin-int\debug-x64\lanna\lannaengine.vcxproj.filelistabsolute.txt
d:\github\lannaengine\bin-int\debug-x64\lanna\lanna.tlog\cl.command.1.tlog
d:\github\lannaengine\bin-int\debug-x64\lanna\lanna.tlog\cl.read.1.tlog
d:\github\lannaengine\bin-int\debug-x64\lanna\lanna.tlog\cl.write.1.tlog
d:\github\lannaengine\bin-int\debug-x64\lanna\lanna.tlog\lanna.write.1u.tlog
d:\github\lannaengine\bin-int\debug-x64\lanna\lanna.tlog\link.command.1.tlog
d:\github\lannaengine\bin-int\debug-x64\lanna\lanna.tlog\link.read.1.tlog
d:\github\lannaengine\bin-int\debug-x64\lanna\lanna.tlog\link.write.1.tlog
